<?xml version="1.0" encoding="UTF-8"?>
<!-- Generated by org.testng.reporters.JUnitXMLReporter -->
<testsuite ignored="0" hostname="L005370" failures="0" tests="3" name="FirefoxTest" time="34.987" errors="0" timestamp="2020-03-15T10:08:51 IST">
  <testcase classname="com.seleniumeasy.RunnerPackage.DriverScript" name="submitFormTest" time="10.966"/>
  <testcase classname="com.seleniumeasy.RunnerPackage.DriverScript" name="submitFormTest" time="13.639"/>
  <testcase classname="com.seleniumeasy.RunnerPackage.DriverScript" name="submitFormTest" time="12.165"/>
</testsuite> <!-- FirefoxTest -->
